<?xml version="1.0" encoding="UTF-8"?>
<!-- Generated by org.testng.reporters.JUnitReportReporter -->
<testsuite hostname="LAPTOP-GQGQPERM" failures="0" tests="4" name="PageTests.LoginTests" time="23.179" errors="0" timestamp="2025-03-11T12:36:19 IST" skipped="0">
  <testcase classname="PageTests.LoginTests" name="Exu" time="5.099"/>
  <testcase classname="PageTests.LoginTests" name="Exu" time="7.937"/>
  <testcase classname="PageTests.LoginTests" name="Exu" time="5.056"/>
  <testcase classname="PageTests.LoginTests" name="Exu" time="5.087"/>
</testsuite> <!-- PageTests.LoginTests -->
