<?xml version="1.0" encoding="UTF-8"?>
<!-- Generated by org.testng.reporters.JUnitReportReporter -->
<testsuite hostname="LAPTOP-GQGQPERM" failures="0" tests="3" name="PageTests.examp" time="0.030" errors="0" timestamp="2025-03-08T15:33:07 IST" skipped="0">
  <testcase classname="PageTests.examp" name="logoutTest" time="0.002"/>
  <testcase classname="PageTests.examp" name="searchTest" time="0.003"/>
  <testcase classname="PageTests.examp" name="loginTest" time="0.025"/>
</testsuite> <!-- PageTests.examp -->
